  [1m[35m (107.6ms)[0m  [1m[35mCREATE DATABASE "FirstRoutesAndControllers_development" ENCODING = 'unicode'[0m
  [1m[35m (42.5ms)[0m  [1m[35mCREATE DATABASE "FirstRoutesAndControllers_test" ENCODING = 'unicode'[0m
Started GET "/" for 127.0.0.1 at 2022-10-19 10:17:11 -0400
Processing by Rails::WelcomeController#index as HTML
  Rendering /Users/appacademyinstructor/.rbenv/versions/3.1.1/lib/ruby/gems/3.1.0/gems/railties-7.0.4/lib/rails/templates/rails/welcome/index.html.erb
  Rendered /Users/appacademyinstructor/.rbenv/versions/3.1.1/lib/ruby/gems/3.1.0/gems/railties-7.0.4/lib/rails/templates/rails/welcome/index.html.erb (Duration: 0.7ms | Allocations: 527)
Completed 200 OK in 4ms (Views: 2.3ms | ActiveRecord: 0.0ms | Allocations: 2801)


Started GET "/" for ::1 at 2022-10-19 10:17:30 -0400
Processing by Rails::WelcomeController#index as HTML
  Rendering /Users/appacademyinstructor/.rbenv/versions/3.1.1/lib/ruby/gems/3.1.0/gems/railties-7.0.4/lib/rails/templates/rails/welcome/index.html.erb
  Rendered /Users/appacademyinstructor/.rbenv/versions/3.1.1/lib/ruby/gems/3.1.0/gems/railties-7.0.4/lib/rails/templates/rails/welcome/index.html.erb (Duration: 0.9ms | Allocations: 278)
Completed 200 OK in 3ms (Views: 1.8ms | ActiveRecord: 0.0ms | Allocations: 915)


Started GET "/users" for ::1 at 2022-10-19 10:19:34 -0400

AbstractController::ActionNotFound - The action 'index' could not be found for UsersController:

Started GET "/users" for ::1 at 2022-10-19 10:21:44 -0400

AbstractController::ActionNotFound - The action 'index' could not be found for UsersController:

Started GET "/" for ::1 at 2022-10-19 10:35:41 -0400
Processing by Rails::WelcomeController#index as HTML
  Rendering /Users/appacademyinstructor/.rbenv/versions/3.1.1/lib/ruby/gems/3.1.0/gems/railties-7.0.4/lib/rails/templates/rails/welcome/index.html.erb
  Rendered /Users/appacademyinstructor/.rbenv/versions/3.1.1/lib/ruby/gems/3.1.0/gems/railties-7.0.4/lib/rails/templates/rails/welcome/index.html.erb (Duration: 0.4ms | Allocations: 22)
Completed 200 OK in 1ms (Views: 0.7ms | Allocations: 260)


Started GET "/users" for ::1 at 2022-10-19 10:35:51 -0400
Processing by UsersController#index as */*
  Parameters: {"handle"=>"miko", "email"=>"miko@gmail.com", "password"=>"[FILTERED]"}
No template found for UsersController#index, rendering head :no_content
Completed 204 No Content in 2ms (Allocations: 239)


Started GET "/users" for ::1 at 2022-10-19 11:00:17 -0400
Processing by UsersController#index as */*
  Parameters: {"handle"=>"miko", "email"=>"miko@gmail.com", "password"=>"[FILTERED]"}
No template found for UsersController#index, rendering head :no_content
Completed 204 No Content in 0ms (Allocations: 133)


Started GET "/users" for ::1 at 2022-10-19 11:00:56 -0400
Processing by UsersController#index as */*
No template found for UsersController#index, rendering head :no_content
Completed 204 No Content in 1ms (Allocations: 81)


Started GET "/users" for ::1 at 2022-10-19 11:02:01 -0400
Processing by UsersController#index as HTML
Completed 406 Not Acceptable in 2ms (Allocations: 651)



ActionController::MissingExactTemplate - UsersController#index is missing a template for request formats: text/html:

Started POST "/__better_errors/3103f9a159ce4a7d/variables" for ::1 at 2022-10-19 11:02:01 -0400
Started GET "/users" for ::1 at 2022-10-19 11:02:38 -0400
Processing by UsersController#index as */*
  Rendering text template
  Rendered text template (Duration: 0.0ms | Allocations: 10)
Completed 200 OK in 2ms (Views: 1.2ms | Allocations: 542)


Started GET "/users?fav_food=pizza" for ::1 at 2022-10-19 11:09:29 -0400
Processing by UsersController#index as */*
  Parameters: {"fav_food"=>"pizza"}
  Rendering text template
  Rendered text template (Duration: 0.0ms | Allocations: 4)
Completed 200 OK in 2ms (Views: 1.5ms | Allocations: 164)


Started POST "/users?fav_food=pizza" for ::1 at 2022-10-19 11:20:42 -0400

AbstractController::ActionNotFound - The action 'create' could not be found for UsersController:

Started POST "/users?fav_food=pizza" for ::1 at 2022-10-19 11:21:25 -0400
Processing by UsersController#create as */*
  Parameters: {"fav_side_dish"=>"fries", "fav_animal"=>"cats", "fav_food"=>"pizza"}
No template found for UsersController#create, rendering head :no_content
Completed 204 No Content in 1ms (ActiveRecord: 0.0ms | Allocations: 655)


Started GET "/users" for ::1 at 2022-10-19 11:24:57 -0400
Processing by UsersController#index as HTML
  Rendering text template
  Rendered text template (Duration: 0.0ms | Allocations: 13)
Completed 200 OK in 4ms (Views: 3.5ms | ActiveRecord: 0.0ms | Allocations: 1320)


Started POST "/users?fav_food=pizza" for ::1 at 2022-10-19 11:25:05 -0400
Processing by UsersController#create as */*
  Parameters: {"fav_side_dish"=>"fries", "fav_animal"=>"cats", "fav_food"=>"pizza"}
Completed 200 OK in 0ms (Views: 0.2ms | ActiveRecord: 0.0ms | Allocations: 273)


Started POST "/users/2" for ::1 at 2022-10-19 11:26:06 -0400
  
ActionController::RoutingError (No route matches [POST] "/users/2"):
  
Started GET "/users/2" for ::1 at 2022-10-19 11:26:11 -0400

AbstractController::ActionNotFound - The action 'show' could not be found for UsersController:

Started GET "/users/2" for ::1 at 2022-10-19 11:26:23 -0400
Processing by UsersController#show as */*
  Parameters: {"fav_side_dish"=>"fries", "fav_animal"=>"cats", "id"=>"2"}
No template found for UsersController#show, rendering head :no_content
Completed 204 No Content in 0ms (ActiveRecord: 0.0ms | Allocations: 208)


